<?xml version="1.0" encoding="UTF-8"?>
<testsuite xmlns:xsi="http://www.w3.org/2001/XMLSchema-instance" xsi:noNamespaceSchemaLocation="https://maven.apache.org/surefire/maven-surefire-plugin/xsd/surefire-test-report.xsd" name="com.java.AppTest" time="0.046" tests="1" errors="0" skipped="0" failures="0">
  <properties>
    <property name="java.specification.version" value="13"/>
    <property name="sun.management.compiler" value="HotSpot 64-Bit Tiered Compilers"/>
    <property name="sun.jnu.encoding" value="UTF-8"/>
    <property name="java.runtime.version" value="13.0.4+8-Ubuntu-120.04"/>
    <property name="java.class.path" value="/home/swax/projects/New folder/hibernate/target/test-classes:/home/swax/projects/New folder/hibernate/target/classes:/home/swax/.m2/repository/mysql/mysql-connector-java/8.0.23/mysql-connector-java-8.0.23.jar:/home/swax/.m2/repository/com/google/protobuf/protobuf-java/3.11.4/protobuf-java-3.11.4.jar:/home/swax/.m2/repository/org/hibernate/hibernate-core/5.4.28.Final/hibernate-core-5.4.28.Final.jar:/home/swax/.m2/repository/org/jboss/logging/jboss-logging/3.4.1.Final/jboss-logging-3.4.1.Final.jar:/home/swax/.m2/repository/javax/persistence/javax.persistence-api/2.2/javax.persistence-api-2.2.jar:/home/swax/.m2/repository/org/javassist/javassist/3.27.0-GA/javassist-3.27.0-GA.jar:/home/swax/.m2/repository/net/bytebuddy/byte-buddy/1.10.17/byte-buddy-1.10.17.jar:/home/swax/.m2/repository/antlr/antlr/2.7.7/antlr-2.7.7.jar:/home/swax/.m2/repository/org/jboss/spec/javax/transaction/jboss-transaction-api_1.2_spec/1.1.1.Final/jboss-transaction-api_1.2_spec-1.1.1.Final.jar:/home/swax/.m2/repository/org/jboss/jandex/2.2.3.Final/jandex-2.2.3.Final.jar:/home/swax/.m2/repository/com/fasterxml/classmate/1.5.1/classmate-1.5.1.jar:/home/swax/.m2/repository/javax/activation/javax.activation-api/1.2.0/javax.activation-api-1.2.0.jar:/home/swax/.m2/repository/org/dom4j/dom4j/2.1.3/dom4j-2.1.3.jar:/home/swax/.m2/repository/org/hibernate/common/hibernate-commons-annotations/5.1.2.Final/hibernate-commons-annotations-5.1.2.Final.jar:/home/swax/.m2/repository/javax/xml/bind/jaxb-api/2.3.1/jaxb-api-2.3.1.jar:/home/swax/.m2/repository/org/glassfish/jaxb/jaxb-runtime/2.3.1/jaxb-runtime-2.3.1.jar:/home/swax/.m2/repository/org/glassfish/jaxb/txw2/2.3.1/txw2-2.3.1.jar:/home/swax/.m2/repository/com/sun/istack/istack-commons-runtime/3.0.7/istack-commons-runtime-3.0.7.jar:/home/swax/.m2/repository/org/jvnet/staxex/stax-ex/1.8/stax-ex-1.8.jar:/home/swax/.m2/repository/com/sun/xml/fastinfoset/FastInfoset/1.2.15/FastInfoset-1.2.15.jar:/home/swax/.m2/repository/junit/junit/4.11/junit-4.11.jar:/home/swax/.m2/repository/org/hamcrest/hamcrest-core/1.3/hamcrest-core-1.3.jar:"/>
    <property name="user.name" value="swax"/>
    <property name="java.vm.vendor" value="Private Build"/>
    <property name="path.separator" value=":"/>
    <property name="sun.arch.data.model" value="64"/>
    <property name="os.version" value="5.4.72-microsoft-standard-WSL2"/>
    <property name="java.runtime.name" value="OpenJDK Runtime Environment"/>
    <property name="file.encoding" value="UTF-8"/>
    <property name="java.vendor.url" value="Unknown"/>
    <property name="java.vm.name" value="OpenJDK 64-Bit Server VM"/>
    <property name="java.vm.specification.version" value="13"/>
    <property name="os.name" value="Linux"/>
    <property name="sun.java.launcher" value="SUN_STANDARD"/>
    <property name="localRepository" value="/home/swax/.m2/repository"/>
    <property name="sun.boot.library.path" value="/usr/lib/jvm/java-13-openjdk-amd64/lib"/>
    <property name="sun.java.command" value="/home/swax/projects/New folder/hibernate/target/surefire/surefirebooter13345333598994841234.jar /home/swax/projects/New folder/hibernate/target/surefire 2021-03-03T21-41-31_733-jvmRun1 surefire12045923040828532368tmp surefire_011336040605153756537tmp"/>
    <property name="java.vendor.url.bug" value="Unknown"/>
    <property name="java.io.tmpdir" value="/tmp"/>
    <property name="jdk.debug" value="release"/>
    <property name="surefire.test.class.path" value="/home/swax/projects/New folder/hibernate/target/test-classes:/home/swax/projects/New folder/hibernate/target/classes:/home/swax/.m2/repository/mysql/mysql-connector-java/8.0.23/mysql-connector-java-8.0.23.jar:/home/swax/.m2/repository/com/google/protobuf/protobuf-java/3.11.4/protobuf-java-3.11.4.jar:/home/swax/.m2/repository/org/hibernate/hibernate-core/5.4.28.Final/hibernate-core-5.4.28.Final.jar:/home/swax/.m2/repository/org/jboss/logging/jboss-logging/3.4.1.Final/jboss-logging-3.4.1.Final.jar:/home/swax/.m2/repository/javax/persistence/javax.persistence-api/2.2/javax.persistence-api-2.2.jar:/home/swax/.m2/repository/org/javassist/javassist/3.27.0-GA/javassist-3.27.0-GA.jar:/home/swax/.m2/repository/net/bytebuddy/byte-buddy/1.10.17/byte-buddy-1.10.17.jar:/home/swax/.m2/repository/antlr/antlr/2.7.7/antlr-2.7.7.jar:/home/swax/.m2/repository/org/jboss/spec/javax/transaction/jboss-transaction-api_1.2_spec/1.1.1.Final/jboss-transaction-api_1.2_spec-1.1.1.Final.jar:/home/swax/.m2/repository/org/jboss/jandex/2.2.3.Final/jandex-2.2.3.Final.jar:/home/swax/.m2/repository/com/fasterxml/classmate/1.5.1/classmate-1.5.1.jar:/home/swax/.m2/repository/javax/activation/javax.activation-api/1.2.0/javax.activation-api-1.2.0.jar:/home/swax/.m2/repository/org/dom4j/dom4j/2.1.3/dom4j-2.1.3.jar:/home/swax/.m2/repository/org/hibernate/common/hibernate-commons-annotations/5.1.2.Final/hibernate-commons-annotations-5.1.2.Final.jar:/home/swax/.m2/repository/javax/xml/bind/jaxb-api/2.3.1/jaxb-api-2.3.1.jar:/home/swax/.m2/repository/org/glassfish/jaxb/jaxb-runtime/2.3.1/jaxb-runtime-2.3.1.jar:/home/swax/.m2/repository/org/glassfish/jaxb/txw2/2.3.1/txw2-2.3.1.jar:/home/swax/.m2/repository/com/sun/istack/istack-commons-runtime/3.0.7/istack-commons-runtime-3.0.7.jar:/home/swax/.m2/repository/org/jvnet/staxex/stax-ex/1.8/stax-ex-1.8.jar:/home/swax/.m2/repository/com/sun/xml/fastinfoset/FastInfoset/1.2.15/FastInfoset-1.2.15.jar:/home/swax/.m2/repository/junit/junit/4.11/junit-4.11.jar:/home/swax/.m2/repository/org/hamcrest/hamcrest-core/1.3/hamcrest-core-1.3.jar:"/>
    <property name="sun.cpu.endian" value="little"/>
    <property name="java.version" value="13.0.4"/>
    <property name="user.home" value="/home/swax"/>
    <property name="user.dir" value="/home/swax/projects/New folder/hibernate"/>
    <property name="os.arch" value="amd64"/>
    <property name="user.language" value="en"/>
    <property name="java.specification.vendor" value="Oracle Corporation"/>
    <property name="java.vm.specification.name" value="Java Virtual Machine Specification"/>
    <property name="java.version.date" value="2020-07-14"/>
    <property name="java.home" value="/usr/lib/jvm/java-13-openjdk-amd64"/>
    <property name="file.separator" value="/"/>
    <property name="basedir" value="/home/swax/projects/New folder/hibernate"/>
    <property name="java.vm.compressedOopsMode" value="Zero based"/>
    <property name="line.separator" value="&#10;"/>
    <property name="java.library.path" value="/usr/java/packages/lib:/usr/lib/x86_64-linux-gnu/jni:/lib/x86_64-linux-gnu:/usr/lib/x86_64-linux-gnu:/usr/lib/jni:/lib:/usr/lib"/>
    <property name="java.vm.info" value="mixed mode, sharing"/>
    <property name="java.vm.specification.vendor" value="Oracle Corporation"/>
    <property name="java.specification.name" value="Java Platform API Specification"/>
    <property name="java.vendor" value="Private Build"/>
    <property name="java.vm.version" value="13.0.4+8-Ubuntu-120.04"/>
    <property name="sun.io.unicode.encoding" value="UnicodeLittle"/>
    <property name="java.class.version" value="57.0"/>
    <property name="surefire.real.class.path" value="/home/swax/projects/New folder/hibernate/target/surefire/surefirebooter13345333598994841234.jar"/>
  </properties>
  <testcase name="shouldAnswerWithTrue" classname="com.java.AppTest" time="0.001"/>
</testsuite>